<?xml version="1.0" encoding="UTF-8"?>
<!-- Generated by org.testng.reporters.JUnitReportReporter -->
<testsuite hostname="DESKTOP-FRUUEGF" failures="0" tests="1" name="com.example.emr.EMRInit" time="16.989" errors="0" timestamp="2024-05-24T19:05:46 IST" skipped="0">
  <testcase classname="com.example.emr.EMRInit" name="TestLoginFunc" time="16.989">
    <system-out>
      <![CDATA[Additional details for the passed tests:
TestCase 1. Positive test case - User Login with Valid Credentials.
TestCase 2. Negative test case - Login with Invalid Credentials.]]>
    </system-out>
  </testcase> <!-- TestLoginFunc -->
  <system-out>
    <![CDATA[Additional details for the passed tests:
TestCase 1. Positive test case - User Login with Valid Credentials.
TestCase 2. Negative test case - Login with Invalid Credentials.]]>
  </system-out>
</testsuite> <!-- com.example.emr.EMRInit -->
