<?xml version="1.0" encoding="UTF-8"?>
<testsuite xmlns:xsi="http://www.w3.org/2001/XMLSchema-instance" xsi:noNamespaceSchemaLocation="https://maven.apache.org/surefire/maven-surefire-plugin/xsd/surefire-test-report-3.0.xsd" version="3.0" name="TestSuite" time="18.615" tests="1" errors="0" skipped="0" failures="0">
  <properties>
    <property name="java.specification.version" value="21"/>
    <property name="webdriver.chrome.driver" value="C:\Users\admin\.cache\selenium\chromedriver\win64\125.0.6422.78\chromedriver.exe"/>
    <property name="sun.cpu.isalist" value="amd64"/>
    <property name="sun.jnu.encoding" value="Cp1252"/>
    <property name="java.class.path" value="C:\Users\admin\eclipse-workspace\emr\target\test-classes;C:\Users\admin\eclipse-workspace\emr\target\classes;C:\Users\admin\.m2\repository\io\netty\netty-all\4.1.103.Final\netty-all-4.1.103.Final.jar;C:\Users\admin\.m2\repository\io\netty\netty-buffer\4.1.103.Final\netty-buffer-4.1.103.Final.jar;C:\Users\admin\.m2\repository\io\netty\netty-codec\4.1.103.Final\netty-codec-4.1.103.Final.jar;C:\Users\admin\.m2\repository\io\netty\netty-codec-dns\4.1.103.Final\netty-codec-dns-4.1.103.Final.jar;C:\Users\admin\.m2\repository\io\netty\netty-codec-haproxy\4.1.103.Final\netty-codec-haproxy-4.1.103.Final.jar;C:\Users\admin\.m2\repository\io\netty\netty-codec-http\4.1.103.Final\netty-codec-http-4.1.103.Final.jar;C:\Users\admin\.m2\repository\io\netty\netty-codec-http2\4.1.103.Final\netty-codec-http2-4.1.103.Final.jar;C:\Users\admin\.m2\repository\io\netty\netty-codec-memcache\4.1.103.Final\netty-codec-memcache-4.1.103.Final.jar;C:\Users\admin\.m2\repository\io\netty\netty-codec-mqtt\4.1.103.Final\netty-codec-mqtt-4.1.103.Final.jar;C:\Users\admin\.m2\repository\io\netty\netty-codec-redis\4.1.103.Final\netty-codec-redis-4.1.103.Final.jar;C:\Users\admin\.m2\repository\io\netty\netty-codec-smtp\4.1.103.Final\netty-codec-smtp-4.1.103.Final.jar;C:\Users\admin\.m2\repository\io\netty\netty-codec-socks\4.1.103.Final\netty-codec-socks-4.1.103.Final.jar;C:\Users\admin\.m2\repository\io\netty\netty-codec-stomp\4.1.103.Final\netty-codec-stomp-4.1.103.Final.jar;C:\Users\admin\.m2\repository\io\netty\netty-codec-xml\4.1.103.Final\netty-codec-xml-4.1.103.Final.jar;C:\Users\admin\.m2\repository\io\netty\netty-common\4.1.103.Final\netty-common-4.1.103.Final.jar;C:\Users\admin\.m2\repository\io\netty\netty-handler\4.1.103.Final\netty-handler-4.1.103.Final.jar;C:\Users\admin\.m2\repository\io\netty\netty-transport-native-unix-common\4.1.103.Final\netty-transport-native-unix-common-4.1.103.Final.jar;C:\Users\admin\.m2\repository\io\netty\netty-handler-proxy\4.1.103.Final\netty-handler-proxy-4.1.103.Final.jar;C:\Users\admin\.m2\repository\io\netty\netty-handler-ssl-ocsp\4.1.103.Final\netty-handler-ssl-ocsp-4.1.103.Final.jar;C:\Users\admin\.m2\repository\io\netty\netty-resolver\4.1.103.Final\netty-resolver-4.1.103.Final.jar;C:\Users\admin\.m2\repository\io\netty\netty-resolver-dns\4.1.103.Final\netty-resolver-dns-4.1.103.Final.jar;C:\Users\admin\.m2\repository\io\netty\netty-transport\4.1.103.Final\netty-transport-4.1.103.Final.jar;C:\Users\admin\.m2\repository\io\netty\netty-transport-rxtx\4.1.103.Final\netty-transport-rxtx-4.1.103.Final.jar;C:\Users\admin\.m2\repository\io\netty\netty-transport-sctp\4.1.103.Final\netty-transport-sctp-4.1.103.Final.jar;C:\Users\admin\.m2\repository\io\netty\netty-transport-udt\4.1.103.Final\netty-transport-udt-4.1.103.Final.jar;C:\Users\admin\.m2\repository\io\netty\netty-transport-classes-epoll\4.1.103.Final\netty-transport-classes-epoll-4.1.103.Final.jar;C:\Users\admin\.m2\repository\io\netty\netty-transport-classes-kqueue\4.1.103.Final\netty-transport-classes-kqueue-4.1.103.Final.jar;C:\Users\admin\.m2\repository\io\netty\netty-resolver-dns-classes-macos\4.1.103.Final\netty-resolver-dns-classes-macos-4.1.103.Final.jar;C:\Users\admin\.m2\repository\io\netty\netty-transport-native-epoll\4.1.103.Final\netty-transport-native-epoll-4.1.103.Final-linux-x86_64.jar;C:\Users\admin\.m2\repository\io\netty\netty-transport-native-epoll\4.1.103.Final\netty-transport-native-epoll-4.1.103.Final-linux-aarch_64.jar;C:\Users\admin\.m2\repository\io\netty\netty-transport-native-epoll\4.1.103.Final\netty-transport-native-epoll-4.1.103.Final-linux-riscv64.jar;C:\Users\admin\.m2\repository\io\netty\netty-transport-native-kqueue\4.1.103.Final\netty-transport-native-kqueue-4.1.103.Final-osx-x86_64.jar;C:\Users\admin\.m2\repository\io\netty\netty-transport-native-kqueue\4.1.103.Final\netty-transport-native-kqueue-4.1.103.Final-osx-aarch_64.jar;C:\Users\admin\.m2\repository\io\netty\netty-resolver-dns-native-macos\4.1.103.Final\netty-resolver-dns-native-macos-4.1.103.Final-osx-x86_64.jar;C:\Users\admin\.m2\repository\io\netty\netty-resolver-dns-native-macos\4.1.103.Final\netty-resolver-dns-native-macos-4.1.103.Final-osx-aarch_64.jar;C:\Users\admin\.m2\repository\io\github\bonigarcia\webdrivermanager\5.6.2\webdrivermanager-5.6.2.jar;C:\Users\admin\.m2\repository\org\slf4j\slf4j-api\2.0.9\slf4j-api-2.0.9.jar;C:\Users\admin\.m2\repository\com\google\code\gson\gson\2.10.1\gson-2.10.1.jar;C:\Users\admin\.m2\repository\com\github\docker-java\docker-java\3.3.4\docker-java-3.3.4.jar;C:\Users\admin\.m2\repository\com\github\docker-java\docker-java-core\3.3.4\docker-java-core-3.3.4.jar;C:\Users\admin\.m2\repository\com\github\docker-java\docker-java-api\3.3.4\docker-java-api-3.3.4.jar;C:\Users\admin\.m2\repository\com\fasterxml\jackson\core\jackson-annotations\2.10.3\jackson-annotations-2.10.3.jar;C:\Users\admin\.m2\repository\com\fasterxml\jackson\core\jackson-databind\2.10.3\jackson-databind-2.10.3.jar;C:\Users\admin\.m2\repository\com\fasterxml\jackson\core\jackson-core\2.10.3\jackson-core-2.10.3.jar;C:\Users\admin\.m2\repository\org\bouncycastle\bcpkix-jdk18on\1.76\bcpkix-jdk18on-1.76.jar;C:\Users\admin\.m2\repository\org\bouncycastle\bcprov-jdk18on\1.76\bcprov-jdk18on-1.76.jar;C:\Users\admin\.m2\repository\org\bouncycastle\bcutil-jdk18on\1.76\bcutil-jdk18on-1.76.jar;C:\Users\admin\.m2\repository\org\slf4j\jcl-over-slf4j\1.7.30\jcl-over-slf4j-1.7.30.jar;C:\Users\admin\.m2\repository\com\github\docker-java\docker-java-transport-httpclient5\3.3.4\docker-java-transport-httpclient5-3.3.4.jar;C:\Users\admin\.m2\repository\com\github\docker-java\docker-java-transport\3.3.4\docker-java-transport-3.3.4.jar;C:\Users\admin\.m2\repository\net\java\dev\jna\jna\5.13.0\jna-5.13.0.jar;C:\Users\admin\.m2\repository\org\brotli\dec\0.1.2\dec-0.1.2.jar;C:\Users\admin\.m2\repository\org\apache\commons\commons-lang3\3.13.0\commons-lang3-3.13.0.jar;C:\Users\admin\.m2\repository\org\apache\commons\commons-compress\1.24.0\commons-compress-1.24.0.jar;C:\Users\admin\.m2\repository\org\apache\httpcomponents\client5\httpclient5\5.2.1\httpclient5-5.2.1.jar;C:\Users\admin\.m2\repository\org\apache\httpcomponents\core5\httpcore5\5.2\httpcore5-5.2.jar;C:\Users\admin\.m2\repository\org\apache\httpcomponents\core5\httpcore5-h2\5.2\httpcore5-h2-5.2.jar;C:\Users\admin\.m2\repository\org\testng\testng\7.8.0\testng-7.8.0.jar;C:\Users\admin\.m2\repository\com\beust\jcommander\1.82\jcommander-1.82.jar;C:\Users\admin\.m2\repository\org\webjars\jquery\3.6.1\jquery-3.6.1.jar;C:\Users\admin\.m2\repository\org\seleniumhq\selenium\selenium-java\4.16.1\selenium-java-4.16.1.jar;C:\Users\admin\.m2\repository\org\seleniumhq\selenium\selenium-api\4.16.1\selenium-api-4.16.1.jar;C:\Users\admin\.m2\repository\org\seleniumhq\selenium\selenium-chrome-driver\4.16.1\selenium-chrome-driver-4.16.1.jar;C:\Users\admin\.m2\repository\com\google\auto\service\auto-service-annotations\1.1.1\auto-service-annotations-1.1.1.jar;C:\Users\admin\.m2\repository\org\seleniumhq\selenium\selenium-chromium-driver\4.16.1\selenium-chromium-driver-4.16.1.jar;C:\Users\admin\.m2\repository\org\seleniumhq\selenium\selenium-json\4.16.1\selenium-json-4.16.1.jar;C:\Users\admin\.m2\repository\org\seleniumhq\selenium\selenium-manager\4.16.1\selenium-manager-4.16.1.jar;C:\Users\admin\.m2\repository\org\seleniumhq\selenium\selenium-devtools-v118\4.16.1\selenium-devtools-v118-4.16.1.jar;C:\Users\admin\.m2\repository\org\seleniumhq\selenium\selenium-devtools-v119\4.16.1\selenium-devtools-v119-4.16.1.jar;C:\Users\admin\.m2\repository\org\seleniumhq\selenium\selenium-devtools-v120\4.16.1\selenium-devtools-v120-4.16.1.jar;C:\Users\admin\.m2\repository\org\seleniumhq\selenium\selenium-devtools-v85\4.16.1\selenium-devtools-v85-4.16.1.jar;C:\Users\admin\.m2\repository\org\seleniumhq\selenium\selenium-edge-driver\4.16.1\selenium-edge-driver-4.16.1.jar;C:\Users\admin\.m2\repository\org\seleniumhq\selenium\selenium-firefox-driver\4.16.1\selenium-firefox-driver-4.16.1.jar;C:\Users\admin\.m2\repository\org\seleniumhq\selenium\selenium-http\4.16.1\selenium-http-4.16.1.jar;C:\Users\admin\.m2\repository\dev\failsafe\failsafe\3.3.2\failsafe-3.3.2.jar;C:\Users\admin\.m2\repository\org\seleniumhq\selenium\selenium-ie-driver\4.16.1\selenium-ie-driver-4.16.1.jar;C:\Users\admin\.m2\repository\org\seleniumhq\selenium\selenium-remote-driver\4.16.1\selenium-remote-driver-4.16.1.jar;C:\Users\admin\.m2\repository\com\google\guava\guava\32.1.2-jre\guava-32.1.2-jre.jar;C:\Users\admin\.m2\repository\com\google\guava\failureaccess\1.0.1\failureaccess-1.0.1.jar;C:\Users\admin\.m2\repository\com\google\guava\listenablefuture\9999.0-empty-to-avoid-conflict-with-guava\listenablefuture-9999.0-empty-to-avoid-conflict-with-guava.jar;C:\Users\admin\.m2\repository\com\google\code\findbugs\jsr305\3.0.2\jsr305-3.0.2.jar;C:\Users\admin\.m2\repository\org\checkerframework\checker-qual\3.33.0\checker-qual-3.33.0.jar;C:\Users\admin\.m2\repository\com\google\errorprone\error_prone_annotations\2.18.0\error_prone_annotations-2.18.0.jar;C:\Users\admin\.m2\repository\com\google\j2objc\j2objc-annotations\2.8\j2objc-annotations-2.8.jar;C:\Users\admin\.m2\repository\io\opentelemetry\opentelemetry-api\1.28.0\opentelemetry-api-1.28.0.jar;C:\Users\admin\.m2\repository\io\opentelemetry\opentelemetry-context\1.28.0\opentelemetry-context-1.28.0.jar;C:\Users\admin\.m2\repository\io\opentelemetry\opentelemetry-exporter-logging\1.28.0\opentelemetry-exporter-logging-1.28.0.jar;C:\Users\admin\.m2\repository\io\opentelemetry\opentelemetry-sdk-metrics\1.28.0\opentelemetry-sdk-metrics-1.28.0.jar;C:\Users\admin\.m2\repository\io\opentelemetry\opentelemetry-extension-incubator\1.28.0-alpha\opentelemetry-extension-incubator-1.28.0-alpha.jar;C:\Users\admin\.m2\repository\io\opentelemetry\opentelemetry-sdk-logs\1.28.0\opentelemetry-sdk-logs-1.28.0.jar;C:\Users\admin\.m2\repository\io\opentelemetry\opentelemetry-sdk-common\1.28.0\opentelemetry-sdk-common-1.28.0.jar;C:\Users\admin\.m2\repository\io\opentelemetry\opentelemetry-sdk-extension-autoconfigure-spi\1.28.0\opentelemetry-sdk-extension-autoconfigure-spi-1.28.0.jar;C:\Users\admin\.m2\repository\io\opentelemetry\opentelemetry-sdk-extension-autoconfigure\1.28.0\opentelemetry-sdk-extension-autoconfigure-1.28.0.jar;C:\Users\admin\.m2\repository\io\opentelemetry\opentelemetry-api-events\1.28.0-alpha\opentelemetry-api-events-1.28.0-alpha.jar;C:\Users\admin\.m2\repository\io\opentelemetry\opentelemetry-sdk-trace\1.28.0\opentelemetry-sdk-trace-1.28.0.jar;C:\Users\admin\.m2\repository\io\opentelemetry\opentelemetry-sdk\1.28.0\opentelemetry-sdk-1.28.0.jar;C:\Users\admin\.m2\repository\io\opentelemetry\opentelemetry-semconv\1.28.0-alpha\opentelemetry-semconv-1.28.0-alpha.jar;C:\Users\admin\.m2\repository\net\bytebuddy\byte-buddy\1.14.5\byte-buddy-1.14.5.jar;C:\Users\admin\.m2\repository\org\seleniumhq\selenium\selenium-os\4.16.1\selenium-os-4.16.1.jar;C:\Users\admin\.m2\repository\org\apache\commons\commons-exec\1.3\commons-exec-1.3.jar;C:\Users\admin\.m2\repository\org\seleniumhq\selenium\selenium-safari-driver\4.16.1\selenium-safari-driver-4.16.1.jar;C:\Users\admin\.m2\repository\org\seleniumhq\selenium\selenium-support\4.16.1\selenium-support-4.16.1.jar;C:\Users\admin\.m2\repository\org\apache\poi\poi-ooxml\5.2.3\poi-ooxml-5.2.3.jar;C:\Users\admin\.m2\repository\org\apache\poi\poi-ooxml-lite\5.2.3\poi-ooxml-lite-5.2.3.jar;C:\Users\admin\.m2\repository\org\apache\xmlbeans\xmlbeans\5.1.1\xmlbeans-5.1.1.jar;C:\Users\admin\.m2\repository\com\github\virtuald\curvesapi\1.07\curvesapi-1.07.jar;C:\Users\admin\.m2\repository\org\apache\commons\commons-collections4\4.4\commons-collections4-4.4.jar;C:\Users\admin\.m2\repository\org\apache\poi\poi\5.2.3\poi-5.2.3.jar;C:\Users\admin\.m2\repository\commons-codec\commons-codec\1.15\commons-codec-1.15.jar;C:\Users\admin\.m2\repository\org\apache\commons\commons-math3\3.6.1\commons-math3-3.6.1.jar;C:\Users\admin\.m2\repository\com\zaxxer\SparseBitSet\1.2\SparseBitSet-1.2.jar;C:\Users\admin\.m2\repository\org\apache\logging\log4j\log4j-core\2.20.0\log4j-core-2.20.0.jar;C:\Users\admin\.m2\repository\org\apache\logging\log4j\log4j-api\2.20.0\log4j-api-2.20.0.jar;C:\Users\admin\.m2\repository\commons-io\commons-io\2.13.0\commons-io-2.13.0.jar;C:\Users\admin\.m2\repository\com\sun\mail\javax.mail\1.6.2\javax.mail-1.6.2.jar;C:\Users\admin\.m2\repository\javax\activation\activation\1.1\activation-1.1.jar;C:\Users\admin\.m2\repository\junit\junit\3.8.1\junit-3.8.1.jar;"/>
    <property name="java.vm.vendor" value="Oracle Corporation"/>
    <property name="sun.arch.data.model" value="64"/>
    <property name="user.variant" value=""/>
    <property name="java.vendor.url" value="https://java.oracle.com/"/>
    <property name="user.timezone" value="Asia/Calcutta"/>
    <property name="os.name" value="Windows 10"/>
    <property name="java.vm.specification.version" value="21"/>
    <property name="sun.java.launcher" value="SUN_STANDARD"/>
    <property name="user.country" value="IN"/>
    <property name="sun.boot.library.path" value="C:\Program Files\Java\jdk-21\bin"/>
    <property name="sun.java.command" value="C:\Users\admin\AppData\Local\Temp\surefire9624236775779518975\surefirebooter-20240524190526835_3.jar C:\Users\admin\AppData\Local\Temp\surefire9624236775779518975 2024-05-24T19-05-26_523-jvmRun1 surefire-20240524190526835_1tmp surefire_0-20240524190526835_2tmp"/>
    <property name="jdk.debug" value="release"/>
    <property name="surefire.test.class.path" value="C:\Users\admin\eclipse-workspace\emr\target\test-classes;C:\Users\admin\eclipse-workspace\emr\target\classes;C:\Users\admin\.m2\repository\io\netty\netty-all\4.1.103.Final\netty-all-4.1.103.Final.jar;C:\Users\admin\.m2\repository\io\netty\netty-buffer\4.1.103.Final\netty-buffer-4.1.103.Final.jar;C:\Users\admin\.m2\repository\io\netty\netty-codec\4.1.103.Final\netty-codec-4.1.103.Final.jar;C:\Users\admin\.m2\repository\io\netty\netty-codec-dns\4.1.103.Final\netty-codec-dns-4.1.103.Final.jar;C:\Users\admin\.m2\repository\io\netty\netty-codec-haproxy\4.1.103.Final\netty-codec-haproxy-4.1.103.Final.jar;C:\Users\admin\.m2\repository\io\netty\netty-codec-http\4.1.103.Final\netty-codec-http-4.1.103.Final.jar;C:\Users\admin\.m2\repository\io\netty\netty-codec-http2\4.1.103.Final\netty-codec-http2-4.1.103.Final.jar;C:\Users\admin\.m2\repository\io\netty\netty-codec-memcache\4.1.103.Final\netty-codec-memcache-4.1.103.Final.jar;C:\Users\admin\.m2\repository\io\netty\netty-codec-mqtt\4.1.103.Final\netty-codec-mqtt-4.1.103.Final.jar;C:\Users\admin\.m2\repository\io\netty\netty-codec-redis\4.1.103.Final\netty-codec-redis-4.1.103.Final.jar;C:\Users\admin\.m2\repository\io\netty\netty-codec-smtp\4.1.103.Final\netty-codec-smtp-4.1.103.Final.jar;C:\Users\admin\.m2\repository\io\netty\netty-codec-socks\4.1.103.Final\netty-codec-socks-4.1.103.Final.jar;C:\Users\admin\.m2\repository\io\netty\netty-codec-stomp\4.1.103.Final\netty-codec-stomp-4.1.103.Final.jar;C:\Users\admin\.m2\repository\io\netty\netty-codec-xml\4.1.103.Final\netty-codec-xml-4.1.103.Final.jar;C:\Users\admin\.m2\repository\io\netty\netty-common\4.1.103.Final\netty-common-4.1.103.Final.jar;C:\Users\admin\.m2\repository\io\netty\netty-handler\4.1.103.Final\netty-handler-4.1.103.Final.jar;C:\Users\admin\.m2\repository\io\netty\netty-transport-native-unix-common\4.1.103.Final\netty-transport-native-unix-common-4.1.103.Final.jar;C:\Users\admin\.m2\repository\io\netty\netty-handler-proxy\4.1.103.Final\netty-handler-proxy-4.1.103.Final.jar;C:\Users\admin\.m2\repository\io\netty\netty-handler-ssl-ocsp\4.1.103.Final\netty-handler-ssl-ocsp-4.1.103.Final.jar;C:\Users\admin\.m2\repository\io\netty\netty-resolver\4.1.103.Final\netty-resolver-4.1.103.Final.jar;C:\Users\admin\.m2\repository\io\netty\netty-resolver-dns\4.1.103.Final\netty-resolver-dns-4.1.103.Final.jar;C:\Users\admin\.m2\repository\io\netty\netty-transport\4.1.103.Final\netty-transport-4.1.103.Final.jar;C:\Users\admin\.m2\repository\io\netty\netty-transport-rxtx\4.1.103.Final\netty-transport-rxtx-4.1.103.Final.jar;C:\Users\admin\.m2\repository\io\netty\netty-transport-sctp\4.1.103.Final\netty-transport-sctp-4.1.103.Final.jar;C:\Users\admin\.m2\repository\io\netty\netty-transport-udt\4.1.103.Final\netty-transport-udt-4.1.103.Final.jar;C:\Users\admin\.m2\repository\io\netty\netty-transport-classes-epoll\4.1.103.Final\netty-transport-classes-epoll-4.1.103.Final.jar;C:\Users\admin\.m2\repository\io\netty\netty-transport-classes-kqueue\4.1.103.Final\netty-transport-classes-kqueue-4.1.103.Final.jar;C:\Users\admin\.m2\repository\io\netty\netty-resolver-dns-classes-macos\4.1.103.Final\netty-resolver-dns-classes-macos-4.1.103.Final.jar;C:\Users\admin\.m2\repository\io\netty\netty-transport-native-epoll\4.1.103.Final\netty-transport-native-epoll-4.1.103.Final-linux-x86_64.jar;C:\Users\admin\.m2\repository\io\netty\netty-transport-native-epoll\4.1.103.Final\netty-transport-native-epoll-4.1.103.Final-linux-aarch_64.jar;C:\Users\admin\.m2\repository\io\netty\netty-transport-native-epoll\4.1.103.Final\netty-transport-native-epoll-4.1.103.Final-linux-riscv64.jar;C:\Users\admin\.m2\repository\io\netty\netty-transport-native-kqueue\4.1.103.Final\netty-transport-native-kqueue-4.1.103.Final-osx-x86_64.jar;C:\Users\admin\.m2\repository\io\netty\netty-transport-native-kqueue\4.1.103.Final\netty-transport-native-kqueue-4.1.103.Final-osx-aarch_64.jar;C:\Users\admin\.m2\repository\io\netty\netty-resolver-dns-native-macos\4.1.103.Final\netty-resolver-dns-native-macos-4.1.103.Final-osx-x86_64.jar;C:\Users\admin\.m2\repository\io\netty\netty-resolver-dns-native-macos\4.1.103.Final\netty-resolver-dns-native-macos-4.1.103.Final-osx-aarch_64.jar;C:\Users\admin\.m2\repository\io\github\bonigarcia\webdrivermanager\5.6.2\webdrivermanager-5.6.2.jar;C:\Users\admin\.m2\repository\org\slf4j\slf4j-api\2.0.9\slf4j-api-2.0.9.jar;C:\Users\admin\.m2\repository\com\google\code\gson\gson\2.10.1\gson-2.10.1.jar;C:\Users\admin\.m2\repository\com\github\docker-java\docker-java\3.3.4\docker-java-3.3.4.jar;C:\Users\admin\.m2\repository\com\github\docker-java\docker-java-core\3.3.4\docker-java-core-3.3.4.jar;C:\Users\admin\.m2\repository\com\github\docker-java\docker-java-api\3.3.4\docker-java-api-3.3.4.jar;C:\Users\admin\.m2\repository\com\fasterxml\jackson\core\jackson-annotations\2.10.3\jackson-annotations-2.10.3.jar;C:\Users\admin\.m2\repository\com\fasterxml\jackson\core\jackson-databind\2.10.3\jackson-databind-2.10.3.jar;C:\Users\admin\.m2\repository\com\fasterxml\jackson\core\jackson-core\2.10.3\jackson-core-2.10.3.jar;C:\Users\admin\.m2\repository\org\bouncycastle\bcpkix-jdk18on\1.76\bcpkix-jdk18on-1.76.jar;C:\Users\admin\.m2\repository\org\bouncycastle\bcprov-jdk18on\1.76\bcprov-jdk18on-1.76.jar;C:\Users\admin\.m2\repository\org\bouncycastle\bcutil-jdk18on\1.76\bcutil-jdk18on-1.76.jar;C:\Users\admin\.m2\repository\org\slf4j\jcl-over-slf4j\1.7.30\jcl-over-slf4j-1.7.30.jar;C:\Users\admin\.m2\repository\com\github\docker-java\docker-java-transport-httpclient5\3.3.4\docker-java-transport-httpclient5-3.3.4.jar;C:\Users\admin\.m2\repository\com\github\docker-java\docker-java-transport\3.3.4\docker-java-transport-3.3.4.jar;C:\Users\admin\.m2\repository\net\java\dev\jna\jna\5.13.0\jna-5.13.0.jar;C:\Users\admin\.m2\repository\org\brotli\dec\0.1.2\dec-0.1.2.jar;C:\Users\admin\.m2\repository\org\apache\commons\commons-lang3\3.13.0\commons-lang3-3.13.0.jar;C:\Users\admin\.m2\repository\org\apache\commons\commons-compress\1.24.0\commons-compress-1.24.0.jar;C:\Users\admin\.m2\repository\org\apache\httpcomponents\client5\httpclient5\5.2.1\httpclient5-5.2.1.jar;C:\Users\admin\.m2\repository\org\apache\httpcomponents\core5\httpcore5\5.2\httpcore5-5.2.jar;C:\Users\admin\.m2\repository\org\apache\httpcomponents\core5\httpcore5-h2\5.2\httpcore5-h2-5.2.jar;C:\Users\admin\.m2\repository\org\testng\testng\7.8.0\testng-7.8.0.jar;C:\Users\admin\.m2\repository\com\beust\jcommander\1.82\jcommander-1.82.jar;C:\Users\admin\.m2\repository\org\webjars\jquery\3.6.1\jquery-3.6.1.jar;C:\Users\admin\.m2\repository\org\seleniumhq\selenium\selenium-java\4.16.1\selenium-java-4.16.1.jar;C:\Users\admin\.m2\repository\org\seleniumhq\selenium\selenium-api\4.16.1\selenium-api-4.16.1.jar;C:\Users\admin\.m2\repository\org\seleniumhq\selenium\selenium-chrome-driver\4.16.1\selenium-chrome-driver-4.16.1.jar;C:\Users\admin\.m2\repository\com\google\auto\service\auto-service-annotations\1.1.1\auto-service-annotations-1.1.1.jar;C:\Users\admin\.m2\repository\org\seleniumhq\selenium\selenium-chromium-driver\4.16.1\selenium-chromium-driver-4.16.1.jar;C:\Users\admin\.m2\repository\org\seleniumhq\selenium\selenium-json\4.16.1\selenium-json-4.16.1.jar;C:\Users\admin\.m2\repository\org\seleniumhq\selenium\selenium-manager\4.16.1\selenium-manager-4.16.1.jar;C:\Users\admin\.m2\repository\org\seleniumhq\selenium\selenium-devtools-v118\4.16.1\selenium-devtools-v118-4.16.1.jar;C:\Users\admin\.m2\repository\org\seleniumhq\selenium\selenium-devtools-v119\4.16.1\selenium-devtools-v119-4.16.1.jar;C:\Users\admin\.m2\repository\org\seleniumhq\selenium\selenium-devtools-v120\4.16.1\selenium-devtools-v120-4.16.1.jar;C:\Users\admin\.m2\repository\org\seleniumhq\selenium\selenium-devtools-v85\4.16.1\selenium-devtools-v85-4.16.1.jar;C:\Users\admin\.m2\repository\org\seleniumhq\selenium\selenium-edge-driver\4.16.1\selenium-edge-driver-4.16.1.jar;C:\Users\admin\.m2\repository\org\seleniumhq\selenium\selenium-firefox-driver\4.16.1\selenium-firefox-driver-4.16.1.jar;C:\Users\admin\.m2\repository\org\seleniumhq\selenium\selenium-http\4.16.1\selenium-http-4.16.1.jar;C:\Users\admin\.m2\repository\dev\failsafe\failsafe\3.3.2\failsafe-3.3.2.jar;C:\Users\admin\.m2\repository\org\seleniumhq\selenium\selenium-ie-driver\4.16.1\selenium-ie-driver-4.16.1.jar;C:\Users\admin\.m2\repository\org\seleniumhq\selenium\selenium-remote-driver\4.16.1\selenium-remote-driver-4.16.1.jar;C:\Users\admin\.m2\repository\com\google\guava\guava\32.1.2-jre\guava-32.1.2-jre.jar;C:\Users\admin\.m2\repository\com\google\guava\failureaccess\1.0.1\failureaccess-1.0.1.jar;C:\Users\admin\.m2\repository\com\google\guava\listenablefuture\9999.0-empty-to-avoid-conflict-with-guava\listenablefuture-9999.0-empty-to-avoid-conflict-with-guava.jar;C:\Users\admin\.m2\repository\com\google\code\findbugs\jsr305\3.0.2\jsr305-3.0.2.jar;C:\Users\admin\.m2\repository\org\checkerframework\checker-qual\3.33.0\checker-qual-3.33.0.jar;C:\Users\admin\.m2\repository\com\google\errorprone\error_prone_annotations\2.18.0\error_prone_annotations-2.18.0.jar;C:\Users\admin\.m2\repository\com\google\j2objc\j2objc-annotations\2.8\j2objc-annotations-2.8.jar;C:\Users\admin\.m2\repository\io\opentelemetry\opentelemetry-api\1.28.0\opentelemetry-api-1.28.0.jar;C:\Users\admin\.m2\repository\io\opentelemetry\opentelemetry-context\1.28.0\opentelemetry-context-1.28.0.jar;C:\Users\admin\.m2\repository\io\opentelemetry\opentelemetry-exporter-logging\1.28.0\opentelemetry-exporter-logging-1.28.0.jar;C:\Users\admin\.m2\repository\io\opentelemetry\opentelemetry-sdk-metrics\1.28.0\opentelemetry-sdk-metrics-1.28.0.jar;C:\Users\admin\.m2\repository\io\opentelemetry\opentelemetry-extension-incubator\1.28.0-alpha\opentelemetry-extension-incubator-1.28.0-alpha.jar;C:\Users\admin\.m2\repository\io\opentelemetry\opentelemetry-sdk-logs\1.28.0\opentelemetry-sdk-logs-1.28.0.jar;C:\Users\admin\.m2\repository\io\opentelemetry\opentelemetry-sdk-common\1.28.0\opentelemetry-sdk-common-1.28.0.jar;C:\Users\admin\.m2\repository\io\opentelemetry\opentelemetry-sdk-extension-autoconfigure-spi\1.28.0\opentelemetry-sdk-extension-autoconfigure-spi-1.28.0.jar;C:\Users\admin\.m2\repository\io\opentelemetry\opentelemetry-sdk-extension-autoconfigure\1.28.0\opentelemetry-sdk-extension-autoconfigure-1.28.0.jar;C:\Users\admin\.m2\repository\io\opentelemetry\opentelemetry-api-events\1.28.0-alpha\opentelemetry-api-events-1.28.0-alpha.jar;C:\Users\admin\.m2\repository\io\opentelemetry\opentelemetry-sdk-trace\1.28.0\opentelemetry-sdk-trace-1.28.0.jar;C:\Users\admin\.m2\repository\io\opentelemetry\opentelemetry-sdk\1.28.0\opentelemetry-sdk-1.28.0.jar;C:\Users\admin\.m2\repository\io\opentelemetry\opentelemetry-semconv\1.28.0-alpha\opentelemetry-semconv-1.28.0-alpha.jar;C:\Users\admin\.m2\repository\net\bytebuddy\byte-buddy\1.14.5\byte-buddy-1.14.5.jar;C:\Users\admin\.m2\repository\org\seleniumhq\selenium\selenium-os\4.16.1\selenium-os-4.16.1.jar;C:\Users\admin\.m2\repository\org\apache\commons\commons-exec\1.3\commons-exec-1.3.jar;C:\Users\admin\.m2\repository\org\seleniumhq\selenium\selenium-safari-driver\4.16.1\selenium-safari-driver-4.16.1.jar;C:\Users\admin\.m2\repository\org\seleniumhq\selenium\selenium-support\4.16.1\selenium-support-4.16.1.jar;C:\Users\admin\.m2\repository\org\apache\poi\poi-ooxml\5.2.3\poi-ooxml-5.2.3.jar;C:\Users\admin\.m2\repository\org\apache\poi\poi-ooxml-lite\5.2.3\poi-ooxml-lite-5.2.3.jar;C:\Users\admin\.m2\repository\org\apache\xmlbeans\xmlbeans\5.1.1\xmlbeans-5.1.1.jar;C:\Users\admin\.m2\repository\com\github\virtuald\curvesapi\1.07\curvesapi-1.07.jar;C:\Users\admin\.m2\repository\org\apache\commons\commons-collections4\4.4\commons-collections4-4.4.jar;C:\Users\admin\.m2\repository\org\apache\poi\poi\5.2.3\poi-5.2.3.jar;C:\Users\admin\.m2\repository\commons-codec\commons-codec\1.15\commons-codec-1.15.jar;C:\Users\admin\.m2\repository\org\apache\commons\commons-math3\3.6.1\commons-math3-3.6.1.jar;C:\Users\admin\.m2\repository\com\zaxxer\SparseBitSet\1.2\SparseBitSet-1.2.jar;C:\Users\admin\.m2\repository\org\apache\logging\log4j\log4j-core\2.20.0\log4j-core-2.20.0.jar;C:\Users\admin\.m2\repository\org\apache\logging\log4j\log4j-api\2.20.0\log4j-api-2.20.0.jar;C:\Users\admin\.m2\repository\commons-io\commons-io\2.13.0\commons-io-2.13.0.jar;C:\Users\admin\.m2\repository\com\sun\mail\javax.mail\1.6.2\javax.mail-1.6.2.jar;C:\Users\admin\.m2\repository\javax\activation\activation\1.1\activation-1.1.jar;C:\Users\admin\.m2\repository\junit\junit\3.8.1\junit-3.8.1.jar;"/>
    <property name="sun.cpu.endian" value="little"/>
    <property name="user.home" value="C:\Users\admin"/>
    <property name="user.language" value="en"/>
    <property name="java.specification.vendor" value="Oracle Corporation"/>
    <property name="java.version.date" value="2024-04-16"/>
    <property name="java.home" value="C:\Program Files\Java\jdk-21"/>
    <property name="file.separator" value="\"/>
    <property name="basedir" value="C:\Users\admin\eclipse-workspace\emr"/>
    <property name="style.color" value="always"/>
    <property name="java.vm.compressedOopsMode" value="32-bit"/>
    <property name="line.separator" value="&#10;"/>
    <property name="java.vm.specification.vendor" value="Oracle Corporation"/>
    <property name="java.specification.name" value="Java Platform API Specification"/>
    <property name="surefire.real.class.path" value="C:\Users\admin\AppData\Local\Temp\surefire9624236775779518975\surefirebooter-20240524190526835_3.jar"/>
    <property name="user.script" value=""/>
    <property name="sun.management.compiler" value="HotSpot 64-Bit Tiered Compilers"/>
    <property name="java.runtime.version" value="21.0.3+7-LTS-152"/>
    <property name="user.name" value="admin"/>
    <property name="stdout.encoding" value="Cp1252"/>
    <property name="path.separator" value=";"/>
    <property name="os.version" value="10.0"/>
    <property name="java.runtime.name" value="Java(TM) SE Runtime Environment"/>
    <property name="file.encoding" value="UTF-8"/>
    <property name="java.vm.name" value="Java HotSpot(TM) 64-Bit Server VM"/>
    <property name="localRepository" value="C:\Users\admin\.m2\repository"/>
    <property name="java.vendor.url.bug" value="https://bugreport.java.com/bugreport/"/>
    <property name="java.io.tmpdir" value="C:\Users\admin\AppData\Local\Temp\"/>
    <property name="java.version" value="21.0.3"/>
    <property name="user.dir" value="C:\Users\admin\eclipse-workspace\emr"/>
    <property name="os.arch" value="amd64"/>
    <property name="java.vm.specification.name" value="Java Virtual Machine Specification"/>
    <property name="sun.os.patch.level" value=""/>
    <property name="native.encoding" value="Cp1252"/>
    <property name="java.library.path" value="C:\Program Files\Java\jdk-21\bin;C:\Windows\Sun\Java\bin;C:\Windows\system32;C:\Windows;C:/Program Files/Java/jdk-21/bin/server;C:/Program Files/Java/jdk-21/bin;C:/Users/admin/AppData/Local/Temp/eoiC27.tmp//plugins/org.eclipse.justj.openjdk.hotspot.jre.minimal.stripped.win32.x86_64_17.0.10.v20240120-1143/jre/bin/server;C:/Users/admin/AppData/Local/Temp/eoiC27.tmp//plugins/org.eclipse.justj.openjdk.hotspot.jre.minimal.stripped.win32.x86_64_17.0.10.v20240120-1143/jre/bin;C:\Program Files\Google\Chrome\Application;C:\Program Files\Common Files\Oracle\Java\javapath;C:\Windows\system32;C:\Windows;C:\Windows\System32\Wbem;C:\Windows\System32\WindowsPowerShell\v1.0\;C:\Windows\System32\OpenSSH\;C:\Program Files\Git\cmd;C:\Users\admin\AppData\Local\Microsoft\WindowsApps;C:\Users\admin\AppData\Local\Programs\Microsoft VS Code\bin;C:\Users\admin\Downloads;;C:\Users\admin\Downloads;;."/>
    <property name="java.vm.info" value="mixed mode, sharing"/>
    <property name="stderr.encoding" value="Cp1252"/>
    <property name="java.vendor" value="Oracle Corporation"/>
    <property name="java.vm.version" value="21.0.3+7-LTS-152"/>
    <property name="sun.io.unicode.encoding" value="UnicodeLittle"/>
    <property name="java.class.version" value="65.0"/>
  </properties>
  <testcase name="TestLoginFunc" classname="com.example.emr.EMRInit" time="16.991">
    <system-out><![CDATA[19:05:44.190 [main] ERROR com.example.emr.Login - Invalid login attempt with username: "antara@gamutbizsol.com", and password: "admin123"
]]></system-out>
    <system-err><![CDATA[SLF4J: No SLF4J providers were found.
SLF4J: Defaulting to no-operation (NOP) logger implementation
SLF4J: See https://www.slf4j.org/codes.html#noProviders for further details.
May 24, 2024 7:05:30 PM org.openqa.selenium.devtools.CdpVersionFinder findNearestMatch
WARNING: Unable to find CDP implementation matching 125
May 24, 2024 7:05:30 PM org.openqa.selenium.chromium.ChromiumDriver lambda$new$5
WARNING: Unable to find version of CDP to use for 125.0.6422.77. You may need to include a dependency on a specific version of the CDP using something similar to `org.seleniumhq.selenium:selenium-devtools-v86:4.16.1` where the version ("v86") matches the version of the chromium-based browser you're using and the version number of the artifact is the same as Selenium's.
]]></system-err>
  </testcase>
</testsuite>